build/outputs/logs/manifest-merger-release-report.txt
-- Merging decision tree log ---
manifest
ADDED from src\main\AndroidManifest.xml:2:1-42:12
INJECTED from src\main\AndroidManifest.xml:2:1-42:12
INJECTED from src\main\AndroidManifest.xml:2:1-42:12
INJECTED from src\main\AndroidManifest.xml:2:1-42:12
MERGED from [com.android.support:appcompat-v7:28.0.0] AndroidManifest.xml:17:1-22:12
MERGED from [com.android.support.constraint:constraint-layout:1.1.3] AndroidManifest.xml:2:1-11:12
MERGED from [com.android.support:support-v4:28.0.0] AndroidManifest.xml:17:1-22:12
MERGED from [com.github.pedroSG94.rtmp-rtsp-stream-client-java:rtplibrary:1.6.1] AndroidManifest.xml:2:1-17:12
MERGED from [:finengine] AndroidManifest.xml:2:1-13:12
MERGED from [com.android.support:support-fragment:28.0.0] AndroidManifest.xml:17:1-22:12
MERGED from [com.android.support:animated-vector-drawable:28.0.0] AndroidManifest.xml:17:1-22:12
MERGED from [com.android.support:support-core-ui:28.0.0] AndroidManifest.xml:17:1-22:12
MERGED from [com.android.support:support-core-utils:28.0.0] AndroidManifest.xml:17:1-22:12
MERGED from [com.android.support:support-vector-drawable:28.0.0] AndroidManifest.xml:17:1-22:12
MERGED from [com.android.support:support-media-compat:28.0.0] AndroidManifest.xml:17:1-22:12
MERGED from [com.android.support:loader:28.0.0] AndroidManifest.xml:17:1-22:12
MERGED from [com.android.support:viewpager:28.0.0] AndroidManifest.xml:17:1-22:12
MERGED from [com.android.support:coordinatorlayout:28.0.0] AndroidManifest.xml:17:1-22:12
MERGED from [com.android.support:drawerlayout:28.0.0] AndroidManifest.xml:17:1-22:12
MERGED from [com.android.support:slidingpanelayout:28.0.0] AndroidManifest.xml:17:1-22:12
MERGED from [com.android.support:customview:28.0.0] AndroidManifest.xml:17:1-22:12
MERGED from [com.android.support:swiperefreshlayout:28.0.0] AndroidManifest.xml:17:1-22:12
MERGED from [com.android.support:asynclayoutinflater:28.0.0] AndroidManifest.xml:17:1-22:12
MERGED from [com.android.support:support-compat:28.0.0] AndroidManifest.xml:17:1-24:12
MERGED from [com.android.support:versionedparcelable:28.0.0] AndroidManifest.xml:17:1-25:12
MERGED from [com.android.support:cursoradapter:28.0.0] AndroidManifest.xml:17:1-22:12
MERGED from [com.github.pedroSG94.rtmp-rtsp-stream-client-java:encoder:1.6.1] AndroidManifest.xml:2:1-17:12
MERGED from [android.arch.lifecycle:runtime:1.1.1] AndroidManifest.xml:17:1-22:12
MERGED from [com.android.support:documentfile:28.0.0] AndroidManifest.xml:17:1-22:12
MERGED from [com.android.support:localbroadcastmanager:28.0.0] AndroidManifest.xml:17:1-22:12
MERGED from [com.android.support:print:28.0.0] AndroidManifest.xml:17:1-22:12
MERGED from [android.arch.lifecycle:viewmodel:1.1.1] AndroidManifest.xml:17:1-22:12
MERGED from [com.android.support:interpolator:28.0.0] AndroidManifest.xml:17:1-22:12
MERGED from [android.arch.lifecycle:livedata:1.1.1] AndroidManifest.xml:17:1-22:12
MERGED from [android.arch.lifecycle:livedata-core:1.1.1] AndroidManifest.xml:17:1-22:12
MERGED from [android.arch.core:runtime:1.1.1] AndroidManifest.xml:17:1-22:12
MERGED from [com.github.pedroSG94.rtmp-rtsp-stream-client-java:rtmp:1.6.1] AndroidManifest.xml:2:1-17:12
MERGED from [com.github.pedroSG94.rtmp-rtsp-stream-client-java:rtsp:1.6.1] AndroidManifest.xml:2:1-17:12
INJECTED from src\main\AndroidManifest.xml:2:1-42:12
INJECTED from src\main\AndroidManifest.xml:2:1-42:12
INJECTED from src\main\AndroidManifest.xml:2:1-42:12
	package
		ADDED from src\main\AndroidManifest.xml:2:70-98
		INJECTED from src\main\AndroidManifest.xml
		INJECTED from src\main\AndroidManifest.xml
	android:versionName
		INJECTED from src\main\AndroidManifest.xml
		ADDED from src\main\AndroidManifest.xml:2:1-42:12
		INJECTED from src\main\AndroidManifest.xml
	xmlns:tools
		ADDED from src\main\AndroidManifest.xml:2:99-145
	android:versionCode
		INJECTED from src\main\AndroidManifest.xml
		ADDED from src\main\AndroidManifest.xml:2:1-42:12
		INJECTED from src\main\AndroidManifest.xml
	xmlns:android
		ADDED from src\main\AndroidManifest.xml:2:11-69
	android:installLocation
		ADDED from src\main\AndroidManifest.xml:2:146-186
supports-screens
ADDED from src\main\AndroidManifest.xml:3:3-163
	android:largeScreens
		ADDED from src\main\AndroidManifest.xml:3:78-105
	android:smallScreens
		ADDED from src\main\AndroidManifest.xml:3:21-48
	android:normalScreens
		ADDED from src\main\AndroidManifest.xml:3:49-77
	android:xlargeScreens
		ADDED from src\main\AndroidManifest.xml:3:106-134
	android:anyDensity
		ADDED from src\main\AndroidManifest.xml:3:135-160
application
ADDED from src\main\AndroidManifest.xml:4:3-29:17
MERGED from [com.android.support.constraint:constraint-layout:1.1.3] AndroidManifest.xml:9:5-20
MERGED from [com.android.support.constraint:constraint-layout:1.1.3] AndroidManifest.xml:9:5-20
MERGED from [com.github.pedroSG94.rtmp-rtsp-stream-client-java:rtplibrary:1.6.1] AndroidManifest.xml:11:5-15:19
MERGED from [com.github.pedroSG94.rtmp-rtsp-stream-client-java:rtplibrary:1.6.1] AndroidManifest.xml:11:5-15:19
MERGED from [:finengine] AndroidManifest.xml:11:5-20
MERGED from [:finengine] AndroidManifest.xml:11:5-20
MERGED from [com.android.support:support-compat:28.0.0] AndroidManifest.xml:22:5-94
MERGED from [com.android.support:support-compat:28.0.0] AndroidManifest.xml:22:5-94
MERGED from [com.android.support:versionedparcelable:28.0.0] AndroidManifest.xml:22:5-23:19
MERGED from [com.android.support:versionedparcelable:28.0.0] AndroidManifest.xml:22:5-23:19
MERGED from [com.github.pedroSG94.rtmp-rtsp-stream-client-java:encoder:1.6.1] AndroidManifest.xml:11:5-15:19
MERGED from [com.github.pedroSG94.rtmp-rtsp-stream-client-java:encoder:1.6.1] AndroidManifest.xml:11:5-15:19
MERGED from [com.github.pedroSG94.rtmp-rtsp-stream-client-java:rtmp:1.6.1] AndroidManifest.xml:11:5-15:19
MERGED from [com.github.pedroSG94.rtmp-rtsp-stream-client-java:rtmp:1.6.1] AndroidManifest.xml:11:5-15:19
MERGED from [com.github.pedroSG94.rtmp-rtsp-stream-client-java:rtsp:1.6.1] AndroidManifest.xml:11:5-15:19
MERGED from [com.github.pedroSG94.rtmp-rtsp-stream-client-java:rtsp:1.6.1] AndroidManifest.xml:11:5-15:19
	android:appComponentFactory
		ADDED from [com.android.support:support-compat:28.0.0] AndroidManifest.xml:22:18-91
	android:supportsRtl
		ADDED from [com.github.pedroSG94.rtmp-rtsp-stream-client-java:rtplibrary:1.6.1] AndroidManifest.xml:14:9-35
	android:label
		ADDED from src\main\AndroidManifest.xml:4:95-127
	tools:ignore
		ADDED from src\main\AndroidManifest.xml:5:7-46
	android:allowBackup
		ADDED from [com.github.pedroSG94.rtmp-rtsp-stream-client-java:rtplibrary:1.6.1] AndroidManifest.xml:12:9-35
	android:icon
		ADDED from src\main\AndroidManifest.xml:4:58-94
	android:theme
		ADDED from src\main\AndroidManifest.xml:4:16-57
activity#com.vrexlab.caviar.activitys.LoginActivity
ADDED from src\main\AndroidManifest.xml:6:5-16:16
	android:screenOrientation
		ADDED from src\main\AndroidManifest.xml:9:9-45
	android:label
		ADDED from src\main\AndroidManifest.xml:6:15-47
	android:launchMode
		ADDED from src\main\AndroidManifest.xml:9:46-77
	android:hardwareAccelerated
		ADDED from src\main\AndroidManifest.xml:9:79-114
	android:theme
		ADDED from src\main\AndroidManifest.xml:7:9-40
	android:name
		ADDED from src\main\AndroidManifest.xml:9:115-172
intent-filter#action:name:android.intent.action.MAIN+category:name:android.intent.category.LAUNCHER
ADDED from src\main\AndroidManifest.xml:10:7-13:23
action#android.intent.action.MAIN
ADDED from src\main\AndroidManifest.xml:11:9-61
	android:name
		ADDED from src\main\AndroidManifest.xml:11:17-58
category#android.intent.category.LAUNCHER
ADDED from src\main\AndroidManifest.xml:12:9-69
	android:name
		ADDED from src\main\AndroidManifest.xml:12:19-66
meta-data#unityplayer.UnityActivity
ADDED from src\main\AndroidManifest.xml:14:7-82
	android:value
		ADDED from src\main\AndroidManifest.xml:14:59-79
	android:name
		ADDED from src\main\AndroidManifest.xml:14:18-58
meta-data#android.notch_support
ADDED from src\main\AndroidManifest.xml:15:7-78
	android:value
		ADDED from src\main\AndroidManifest.xml:15:55-75
	android:name
		ADDED from src\main\AndroidManifest.xml:15:18-54
activity#com.vrexlab.caviar.activitys.LiveActivity
ADDED from src\main\AndroidManifest.xml:18:5-21:11
	android:screenOrientation
		ADDED from src\main\AndroidManifest.xml:20:9-45
	android:theme
		ADDED from src\main\AndroidManifest.xml:19:9-40
	android:name
		ADDED from src\main\AndroidManifest.xml:18:15-53
activity#com.vrexlab.caviar.activitys.SplashActivity
ADDED from src\main\AndroidManifest.xml:22:5-23:48
	android:screenOrientation
		ADDED from src\main\AndroidManifest.xml:23:9-45
	android:name
		ADDED from src\main\AndroidManifest.xml:22:15-55
activity#com.vrexlab.caviar.activitys.MainActivity
ADDED from src\main\AndroidManifest.xml:24:5-92
	android:screenOrientation
		ADDED from src\main\AndroidManifest.xml:24:54-90
	android:name
		ADDED from src\main\AndroidManifest.xml:24:15-53
meta-data#unity.build-id
ADDED from src\main\AndroidManifest.xml:25:5-101
	android:value
		ADDED from src\main\AndroidManifest.xml:25:46-98
	android:name
		ADDED from src\main\AndroidManifest.xml:25:16-45
meta-data#unity.splash-mode
ADDED from src\main\AndroidManifest.xml:26:5-69
	android:value
		ADDED from src\main\AndroidManifest.xml:26:49-66
	android:name
		ADDED from src\main\AndroidManifest.xml:26:16-48
meta-data#unity.splash-enable
ADDED from src\main\AndroidManifest.xml:27:5-74
	android:value
		ADDED from src\main\AndroidManifest.xml:27:51-71
	android:name
		ADDED from src\main\AndroidManifest.xml:27:16-50
meta-data#notch.config
ADDED from src\main\AndroidManifest.xml:28:5-81
	android:value
		ADDED from src\main\AndroidManifest.xml:28:44-78
	android:name
		ADDED from src\main\AndroidManifest.xml:28:16-43
uses-feature#0x00030000
ADDED from src\main\AndroidManifest.xml:30:3-52
	android:glEsVersion
		ADDED from src\main\AndroidManifest.xml:30:17-49
uses-feature#android.hardware.vulkan
ADDED from src\main\AndroidManifest.xml:31:3-83
	android:required
		ADDED from src\main\AndroidManifest.xml:31:56-80
	android:name
		ADDED from src\main\AndroidManifest.xml:31:17-55
uses-permission#android.permission.INTERNET
ADDED from src\main\AndroidManifest.xml:32:3-65
	android:name
		ADDED from src\main\AndroidManifest.xml:32:20-62
uses-permission#android.permission.CAMERA
ADDED from src\main\AndroidManifest.xml:33:3-63
	android:name
		ADDED from src\main\AndroidManifest.xml:33:20-60
uses-feature#android.hardware.camera
ADDED from src\main\AndroidManifest.xml:34:3-83
	android:required
		ADDED from src\main\AndroidManifest.xml:34:56-80
	android:name
		ADDED from src\main\AndroidManifest.xml:34:17-55
uses-feature#android.hardware.camera.autofocus
ADDED from src\main\AndroidManifest.xml:35:3-93
	android:required
		ADDED from src\main\AndroidManifest.xml:35:66-90
	android:name
		ADDED from src\main\AndroidManifest.xml:35:17-65
uses-feature#android.hardware.camera.front
ADDED from src\main\AndroidManifest.xml:36:3-89
	android:required
		ADDED from src\main\AndroidManifest.xml:36:62-86
	android:name
		ADDED from src\main\AndroidManifest.xml:36:17-61
uses-permission#android.permission.WRITE_EXTERNAL_STORAGE
ADDED from src\main\AndroidManifest.xml:37:3-79
	android:name
		ADDED from src\main\AndroidManifest.xml:37:20-76
uses-feature#android.hardware.touchscreen
ADDED from src\main\AndroidManifest.xml:38:3-88
	android:required
		ADDED from src\main\AndroidManifest.xml:38:61-85
	android:name
		ADDED from src\main\AndroidManifest.xml:38:17-60
uses-feature#android.hardware.touchscreen.multitouch
ADDED from src\main\AndroidManifest.xml:39:3-99
	android:required
		ADDED from src\main\AndroidManifest.xml:39:72-96
	android:name
		ADDED from src\main\AndroidManifest.xml:39:17-71
uses-feature#android.hardware.touchscreen.multitouch.distinct
ADDED from src\main\AndroidManifest.xml:40:3-108
	android:required
		ADDED from src\main\AndroidManifest.xml:40:81-105
	android:name
		ADDED from src\main\AndroidManifest.xml:40:17-80
uses-permission#android.permission.RECORD_AUDIO
ADDED from src\main\AndroidManifest.xml:41:3-68
	android:name
		ADDED from src\main\AndroidManifest.xml:41:20-66
uses-sdk
INJECTED from src\main\AndroidManifest.xml reason: use-sdk injection requested
INJECTED from src\main\AndroidManifest.xml
INJECTED from src\main\AndroidManifest.xml
MERGED from [com.android.support:appcompat-v7:28.0.0] AndroidManifest.xml:20:5-44
MERGED from [com.android.support:appcompat-v7:28.0.0] AndroidManifest.xml:20:5-44
MERGED from [com.android.support.constraint:constraint-layout:1.1.3] AndroidManifest.xml:5:5-7:41
MERGED from [com.android.support.constraint:constraint-layout:1.1.3] AndroidManifest.xml:5:5-7:41
MERGED from [com.android.support:support-v4:28.0.0] AndroidManifest.xml:20:5-44
MERGED from [com.android.support:support-v4:28.0.0] AndroidManifest.xml:20:5-44
MERGED from [com.github.pedroSG94.rtmp-rtsp-stream-client-java:rtplibrary:1.6.1] AndroidManifest.xml:7:5-9:41
MERGED from [com.github.pedroSG94.rtmp-rtsp-stream-client-java:rtplibrary:1.6.1] AndroidManifest.xml:7:5-9:41
MERGED from [:finengine] AndroidManifest.xml:7:5-9:41
MERGED from [:finengine] AndroidManifest.xml:7:5-9:41
MERGED from [com.android.support:support-fragment:28.0.0] AndroidManifest.xml:20:5-44
MERGED from [com.android.support:support-fragment:28.0.0] AndroidManifest.xml:20:5-44
MERGED from [com.android.support:animated-vector-drawable:28.0.0] AndroidManifest.xml:20:5-44
MERGED from [com.android.support:animated-vector-drawable:28.0.0] AndroidManifest.xml:20:5-44
MERGED from [com.android.support:support-core-ui:28.0.0] AndroidManifest.xml:20:5-44
MERGED from [com.android.support:support-core-ui:28.0.0] AndroidManifest.xml:20:5-44
MERGED from [com.android.support:support-core-utils:28.0.0] AndroidManifest.xml:20:5-44
MERGED from [com.android.support:support-core-utils:28.0.0] AndroidManifest.xml:20:5-44
MERGED from [com.android.support:support-vector-drawable:28.0.0] AndroidManifest.xml:20:5-44
MERGED from [com.android.support:support-vector-drawable:28.0.0] AndroidManifest.xml:20:5-44
MERGED from [com.android.support:support-media-compat:28.0.0] AndroidManifest.xml:20:5-44
MERGED from [com.android.support:support-media-compat:28.0.0] AndroidManifest.xml:20:5-44
MERGED from [com.android.support:loader:28.0.0] AndroidManifest.xml:20:5-44
MERGED from [com.android.support:loader:28.0.0] AndroidManifest.xml:20:5-44
MERGED from [com.android.support:viewpager:28.0.0] AndroidManifest.xml:20:5-44
MERGED from [com.android.support:viewpager:28.0.0] AndroidManifest.xml:20:5-44
MERGED from [com.android.support:coordinatorlayout:28.0.0] AndroidManifest.xml:20:5-44
MERGED from [com.android.support:coordinatorlayout:28.0.0] AndroidManifest.xml:20:5-44
MERGED from [com.android.support:drawerlayout:28.0.0] AndroidManifest.xml:20:5-44
MERGED from [com.android.support:drawerlayout:28.0.0] AndroidManifest.xml:20:5-44
MERGED from [com.android.support:slidingpanelayout:28.0.0] AndroidManifest.xml:20:5-44
MERGED from [com.android.support:slidingpanelayout:28.0.0] AndroidManifest.xml:20:5-44
MERGED from [com.android.support:customview:28.0.0] AndroidManifest.xml:20:5-44
MERGED from [com.android.support:customview:28.0.0] AndroidManifest.xml:20:5-44
MERGED from [com.android.support:swiperefreshlayout:28.0.0] AndroidManifest.xml:20:5-44
MERGED from [com.android.support:swiperefreshlayout:28.0.0] AndroidManifest.xml:20:5-44
MERGED from [com.android.support:asynclayoutinflater:28.0.0] AndroidManifest.xml:20:5-44
MERGED from [com.android.support:asynclayoutinflater:28.0.0] AndroidManifest.xml:20:5-44
MERGED from [com.android.support:support-compat:28.0.0] AndroidManifest.xml:20:5-44
MERGED from [com.android.support:support-compat:28.0.0] AndroidManifest.xml:20:5-44
MERGED from [com.android.support:versionedparcelable:28.0.0] AndroidManifest.xml:20:5-44
MERGED from [com.android.support:versionedparcelable:28.0.0] AndroidManifest.xml:20:5-44
MERGED from [com.android.support:cursoradapter:28.0.0] AndroidManifest.xml:20:5-44
MERGED from [com.android.support:cursoradapter:28.0.0] AndroidManifest.xml:20:5-44
MERGED from [com.github.pedroSG94.rtmp-rtsp-stream-client-java:encoder:1.6.1] AndroidManifest.xml:7:5-9:41
MERGED from [com.github.pedroSG94.rtmp-rtsp-stream-client-java:encoder:1.6.1] AndroidManifest.xml:7:5-9:41
MERGED from [android.arch.lifecycle:runtime:1.1.1] AndroidManifest.xml:20:5-44
MERGED from [android.arch.lifecycle:runtime:1.1.1] AndroidManifest.xml:20:5-44
MERGED from [com.android.support:documentfile:28.0.0] AndroidManifest.xml:20:5-44
MERGED from [com.android.support:documentfile:28.0.0] AndroidManifest.xml:20:5-44
MERGED from [com.android.support:localbroadcastmanager:28.0.0] AndroidManifest.xml:20:5-44
MERGED from [com.android.support:localbroadcastmanager:28.0.0] AndroidManifest.xml:20:5-44
MERGED from [com.android.support:print:28.0.0] AndroidManifest.xml:20:5-44
MERGED from [com.android.support:print:28.0.0] AndroidManifest.xml:20:5-44
MERGED from [android.arch.lifecycle:viewmodel:1.1.1] AndroidManifest.xml:20:5-44
MERGED from [android.arch.lifecycle:viewmodel:1.1.1] AndroidManifest.xml:20:5-44
MERGED from [com.android.support:interpolator:28.0.0] AndroidManifest.xml:20:5-44
MERGED from [com.android.support:interpolator:28.0.0] AndroidManifest.xml:20:5-44
MERGED from [android.arch.lifecycle:livedata:1.1.1] AndroidManifest.xml:20:5-44
MERGED from [android.arch.lifecycle:livedata:1.1.1] AndroidManifest.xml:20:5-44
MERGED from [android.arch.lifecycle:livedata-core:1.1.1] AndroidManifest.xml:20:5-44
MERGED from [android.arch.lifecycle:livedata-core:1.1.1] AndroidManifest.xml:20:5-44
MERGED from [android.arch.core:runtime:1.1.1] AndroidManifest.xml:20:5-44
MERGED from [android.arch.core:runtime:1.1.1] AndroidManifest.xml:20:5-44
MERGED from [com.github.pedroSG94.rtmp-rtsp-stream-client-java:rtmp:1.6.1] AndroidManifest.xml:7:5-9:41
MERGED from [com.github.pedroSG94.rtmp-rtsp-stream-client-java:rtmp:1.6.1] AndroidManifest.xml:7:5-9:41
MERGED from [com.github.pedroSG94.rtmp-rtsp-stream-client-java:rtsp:1.6.1] AndroidManifest.xml:7:5-9:41
MERGED from [com.github.pedroSG94.rtmp-rtsp-stream-client-java:rtsp:1.6.1] AndroidManifest.xml:7:5-9:41
INJECTED from src\main\AndroidManifest.xml
INJECTED from src\main\AndroidManifest.xml
	android:targetSdkVersion
		INJECTED from src\main\AndroidManifest.xml
		ADDED from src\main\AndroidManifest.xml
		INJECTED from src\main\AndroidManifest.xml
	android:minSdkVersion
		INJECTED from src\main\AndroidManifest.xml
		ADDED from src\main\AndroidManifest.xml
		INJECTED from src\main\AndroidManifest.xml